c:\users\cs13033\documents\github\tetrhythm\proj.win32\debug.win32\helloworldscene.obj
c:\users\cs13033\documents\github\tetrhythm\proj.win32\debug.win32\appdelegate.obj
c:\users\cs13033\documents\github\tetrhythm\proj.win32\debug.win32\main.obj
c:\users\cs13033\documents\github\tetrhythm\proj.win32\debug.win32\vc140.pdb
c:\users\cs13033\documents\github\tetrhythm\proj.win32\debug.win32\tetrhythm.ilk
c:\users\cs13033\documents\github\tetrhythm\proj.win32\debug.win32\tetrhythm.exe
c:\users\cs13033\documents\github\tetrhythm\proj.win32\debug.win32\tetrhythm.pdb
c:\users\cs13033\documents\github\tetrhythm\proj.win32\debug.win32\game.res
c:\users\cs13033\documents\github\tetrhythm\proj.win32\debug.win32\tetrhythm.lib
c:\users\cs13033\documents\github\tetrhythm\proj.win32\debug.win32\tetrhythm.exp
c:\users\cs13033\documents\github\tetrhythm\proj.win32\debug.win32\tetrhythm.vcxprojresolveassemblyreference.cache
c:\users\cs13033\documents\github\tetrhythm\proj.win32\debug.win32\libcocos2d.exp
c:\users\cs13033\documents\github\tetrhythm\proj.win32\debug.win32\vc140.idb
c:\users\cs13033\documents\github\tetrhythm\proj.win32\debug.win32\libbox2d.pdb
c:\users\cs13033\documents\github\tetrhythm\proj.win32\debug.win32\libbullet.pdb
c:\users\cs13033\documents\github\tetrhythm\proj.win32\debug.win32\libcocos2d.pdb
c:\users\cs13033\documents\github\tetrhythm\proj.win32\debug.win32\librecast.pdb
c:\users\cs13033\documents\github\tetrhythm\proj.win32\debug.win32\libspine.pdb
c:\users\cs13033\documents\github\tetrhythm\proj.win32\debug.win32\tetrhythm.tlog\cl.command.1.tlog
c:\users\cs13033\documents\github\tetrhythm\proj.win32\debug.win32\tetrhythm.tlog\cl.read.1.tlog
c:\users\cs13033\documents\github\tetrhythm\proj.win32\debug.win32\tetrhythm.tlog\cl.write.1.tlog
c:\users\cs13033\documents\github\tetrhythm\proj.win32\debug.win32\tetrhythm.tlog\link.command.1.tlog
c:\users\cs13033\documents\github\tetrhythm\proj.win32\debug.win32\tetrhythm.tlog\link.read.1.tlog
c:\users\cs13033\documents\github\tetrhythm\proj.win32\debug.win32\tetrhythm.tlog\link.write.1.tlog
c:\users\cs13033\documents\github\tetrhythm\proj.win32\debug.win32\tetrhythm.tlog\rc.command.1.tlog
c:\users\cs13033\documents\github\tetrhythm\proj.win32\debug.win32\tetrhythm.tlog\rc.read.1.tlog
c:\users\cs13033\documents\github\tetrhythm\proj.win32\debug.win32\tetrhythm.tlog\rc.write.1.tlog
c:\users\cs13033\documents\github\tetrhythm\proj.win32\debug.win32\tetrhythm.tlog\tetrhythm.write.1u.tlog
